{"level":"info","message":"API Gateway running on port 8000","timestamp":"2024-10-20T15:01:58.463Z"}
{"level":"info","message":"API Gateway running on port 8001","timestamp":"2024-10-20T15:02:38.035Z"}
{"level":"info","message":"API Gateway running on port 8001","timestamp":"2024-10-20T15:02:50.164Z"}
{"level":"info","message":"API Gateway running on port 8001","timestamp":"2024-10-20T15:13:39.492Z"}
{"level":"info","message":"API Gateway running on port 8001","timestamp":"2024-10-20T15:19:53.014Z"}
{"level":"info","message":"Incoming request: GET /api/questions/tags","timestamp":"2024-10-20T15:20:07.407Z"}
{"level":"info","message":"Question route accessed: GET /api/questions/tags","timestamp":"2024-10-20T15:20:07.409Z"}
{"level":"info","message":"Incoming request: GET /api/questions/tags","timestamp":"2024-10-20T15:20:07.472Z"}
{"level":"info","message":"Question route accessed: GET /api/questions/tags","timestamp":"2024-10-20T15:20:07.475Z"}
{"level":"info","message":"API Gateway running on port 8001","timestamp":"2024-10-20T15:21:21.528Z"}
{"level":"info","message":"Incoming request: GET /api/questions/tags","timestamp":"2024-10-20T15:21:27.830Z"}
{"level":"info","message":"Question route accessed: GET /api/questions/tags","timestamp":"2024-10-20T15:21:27.830Z"}
{"level":"info","message":"Incoming request: GET /api/questions/tags","timestamp":"2024-10-20T15:21:27.872Z"}
{"level":"info","message":"Question route accessed: GET /api/questions/tags","timestamp":"2024-10-20T15:21:27.873Z"}
{"level":"info","message":"API Gateway running on port 8001","timestamp":"2024-10-20T15:23:08.740Z"}
{"level":"info","message":"Incoming request: GET /api/questions/tags","timestamp":"2024-10-20T15:23:15.829Z"}
{"level":"info","message":"Question route accessed: GET /api/questions/tags","timestamp":"2024-10-20T15:23:15.829Z"}
{"level":"info","message":"Incoming request: GET /api/questions/tags","timestamp":"2024-10-20T15:23:15.851Z"}
{"level":"info","message":"Question route accessed: GET /api/questions/tags","timestamp":"2024-10-20T15:23:15.852Z"}
{"level":"info","message":"API Gateway running on port 8001","timestamp":"2024-10-20T15:23:36.795Z"}
{"level":"info","message":"API Gateway running on port 8001","timestamp":"2024-10-20T15:26:14.074Z"}
{"level":"info","message":"Incoming request: GET /api/questions/tags","timestamp":"2024-10-20T15:26:54.940Z"}
{"level":"info","message":"Question route accessed: GET /api/questions/tags","timestamp":"2024-10-20T15:26:54.942Z"}
{"level":"info","message":"Incoming request: GET /api/questions/tags","timestamp":"2024-10-20T15:26:54.998Z"}
{"level":"info","message":"Question route accessed: GET /api/questions/tags","timestamp":"2024-10-20T15:26:54.998Z"}
{"level":"info","message":"API Gateway running on port 8001","timestamp":"2024-10-20T15:30:12.708Z"}
{"level":"info","message":"Incoming request: GET /api/questions/tags","timestamp":"2024-10-20T15:30:21.826Z"}
{"level":"info","message":"Question route accessed: GET /api/questions/tags","timestamp":"2024-10-20T15:30:21.827Z"}
{"level":"info","message":"Incoming request: GET /api/questions/tags","timestamp":"2024-10-20T15:30:21.852Z"}
{"level":"info","message":"Question route accessed: GET /api/questions/tags","timestamp":"2024-10-20T15:30:21.853Z"}
{"level":"info","message":"API Gateway running on port 8001","timestamp":"2024-10-20T15:30:49.801Z"}
{"level":"info","message":"API Gateway running on port 8001","timestamp":"2024-10-20T15:30:54.771Z"}
{"level":"info","message":"API Gateway running on port 8001","timestamp":"2024-10-20T15:30:57.765Z"}
{"level":"info","message":"API Gateway running on port 8001","timestamp":"2024-10-20T15:38:33.856Z"}
{"level":"info","message":"API Gateway running on port 8001","timestamp":"2024-10-20T15:38:38.959Z"}
{"level":"info","message":"Incoming request: GET /api/questions/tags","timestamp":"2024-10-20T15:40:45.740Z"}
{"level":"info","message":"Question route accessed: GET /api/questions/tags","timestamp":"2024-10-20T15:40:45.741Z"}
{"level":"info","message":"Incoming request: GET /api/questions/tags","timestamp":"2024-10-20T15:40:45.822Z"}
{"level":"info","message":"Question route accessed: GET /api/questions/tags","timestamp":"2024-10-20T15:40:45.823Z"}
{"level":"info","message":"API Gateway running on port 8001","timestamp":"2024-10-20T15:42:31.710Z"}
{"level":"info","message":"Incoming request: GET /api/questions/tags","timestamp":"2024-10-20T15:42:38.537Z"}
{"level":"info","message":"Question route accessed: GET /api/questions/tags","timestamp":"2024-10-20T15:42:38.538Z"}
{"level":"info","message":"Incoming request: GET /api/questions/tags","timestamp":"2024-10-20T15:42:38.557Z"}
{"level":"info","message":"Question route accessed: GET /api/questions/tags","timestamp":"2024-10-20T15:42:38.557Z"}
{"level":"info","message":"API Gateway running on port 8001","timestamp":"2024-10-20T15:43:14.745Z"}
{"level":"info","message":"API Gateway running on port 8001","timestamp":"2024-10-20T15:46:11.372Z"}
{"level":"info","message":"Incoming request: GET /api/questions/tags","timestamp":"2024-10-20T15:46:18.495Z"}
{"level":"info","message":"Question route accessed: GET /api/questions/tags","timestamp":"2024-10-20T15:46:18.496Z"}
{"level":"info","message":"Incoming request: GET /api/questions/tags","timestamp":"2024-10-20T15:46:18.513Z"}
{"level":"info","message":"Question route accessed: GET /api/questions/tags","timestamp":"2024-10-20T15:46:18.514Z"}
{"level":"info","message":"API Gateway running on port 8001","timestamp":"2024-10-20T15:47:24.411Z"}
{"level":"info","message":"Incoming request: GET /api/questions/tags","timestamp":"2024-10-20T15:47:37.360Z"}
{"level":"info","message":"Question route accessed: GET /api/questions/tags","timestamp":"2024-10-20T15:47:37.362Z"}
{"level":"info","message":"Incoming request: GET /api/questions/tags","timestamp":"2024-10-20T15:47:37.379Z"}
{"level":"info","message":"Question route accessed: GET /api/questions/tags","timestamp":"2024-10-20T15:47:37.379Z"}
{"level":"info","message":"API Gateway running on port 8001","timestamp":"2024-10-20T15:50:27.235Z"}
{"level":"info","message":"Incoming request: GET /api/questions/tags","timestamp":"2024-10-20T15:50:31.857Z"}
{"level":"info","message":"Question route accessed: GET /api/questions/tags","timestamp":"2024-10-20T15:50:31.858Z"}
{"level":"info","message":"Incoming request: GET /api/questions/tags","timestamp":"2024-10-20T15:50:31.874Z"}
{"level":"info","message":"Question route accessed: GET /api/questions/tags","timestamp":"2024-10-20T15:50:31.875Z"}
{"level":"info","message":"API Gateway running on port 8001","timestamp":"2024-10-20T15:50:55.006Z"}
{"level":"info","message":"Incoming request: GET /api/questions/tags","timestamp":"2024-10-20T15:51:00.155Z"}
{"level":"info","message":"Question route accessed: GET /api/questions/tags","timestamp":"2024-10-20T15:51:00.156Z"}
{"level":"info","message":"Incoming request: GET /api/questions/tags","timestamp":"2024-10-20T15:51:00.200Z"}
{"level":"info","message":"Question route accessed: GET /api/questions/tags","timestamp":"2024-10-20T15:51:00.201Z"}
{"level":"info","message":"API Gateway running on port 8001","timestamp":"2024-10-20T15:51:11.925Z"}
{"level":"info","message":"API Gateway running on port 8001","timestamp":"2024-10-20T15:52:16.742Z"}
{"level":"info","message":"Incoming request: GET /api/questions/tags","timestamp":"2024-10-20T15:52:25.259Z"}
{"level":"info","message":"Question route accessed: GET /api/questions/tags","timestamp":"2024-10-20T15:52:25.259Z"}
{"level":"info","message":"Incoming request: GET /api/questions/tags","timestamp":"2024-10-20T15:52:25.275Z"}
{"level":"info","message":"Question route accessed: GET /api/questions/tags","timestamp":"2024-10-20T15:52:25.275Z"}
{"level":"info","message":"Incoming request: GET /api/questions/tags","timestamp":"2024-10-20T15:53:33.778Z"}
{"level":"info","message":"Question route accessed: GET /api/questions/tags","timestamp":"2024-10-20T15:53:33.779Z"}
{"level":"info","message":"Incoming request: GET /api/questions/tags","timestamp":"2024-10-20T15:53:33.804Z"}
{"level":"info","message":"Question route accessed: GET /api/questions/tags","timestamp":"2024-10-20T15:53:33.804Z"}
{"level":"info","message":"Incoming request: GET /api/questions/tags","timestamp":"2024-10-20T15:53:40.765Z"}
{"level":"info","message":"Question route accessed: GET /api/questions/tags","timestamp":"2024-10-20T15:53:40.766Z"}
{"level":"info","message":"Incoming request: GET /api/questions/tags","timestamp":"2024-10-20T15:53:40.774Z"}
{"level":"info","message":"Question route accessed: GET /api/questions/tags","timestamp":"2024-10-20T15:53:40.775Z"}
{"level":"info","message":"API Gateway running on port 8001","timestamp":"2024-10-20T15:54:07.694Z"}
{"level":"info","message":"Incoming request: GET /api/questions/tags","timestamp":"2024-10-20T15:54:13.784Z"}
{"level":"info","message":"Question route accessed: GET /api/questions/tags","timestamp":"2024-10-20T15:54:13.785Z"}
{"level":"info","message":"Incoming request: GET /api/questions/tags","timestamp":"2024-10-20T15:54:13.849Z"}
{"level":"info","message":"Question route accessed: GET /api/questions/tags","timestamp":"2024-10-20T15:54:13.850Z"}
{"level":"info","message":"API Gateway running on port 8001","timestamp":"2024-10-20T15:56:09.987Z"}
{"level":"info","message":"Incoming request: GET /api/questions/tags","timestamp":"2024-10-20T15:56:44.788Z"}
{"level":"info","message":"Question route accessed: GET /api/questions/tags","timestamp":"2024-10-20T15:56:44.793Z"}
{"level":"info","message":"Incoming request: GET /api/questions/tags","timestamp":"2024-10-20T15:56:44.859Z"}
{"level":"info","message":"Question route accessed: GET /api/questions/tags","timestamp":"2024-10-20T15:56:44.859Z"}
{"level":"info","message":"API Gateway running on port 8001","timestamp":"2024-10-20T15:56:48.497Z"}
{"level":"info","message":"Incoming request: GET /api/questions/tags","timestamp":"2024-10-20T15:56:56.764Z"}
{"level":"info","message":"Question route accessed: GET /api/questions/tags","timestamp":"2024-10-20T15:56:56.765Z"}
{"level":"info","message":"Incoming request: GET /api/questions/tags","timestamp":"2024-10-20T15:56:56.791Z"}
{"level":"info","message":"Question route accessed: GET /api/questions/tags","timestamp":"2024-10-20T15:56:56.792Z"}
{"level":"info","message":"API Gateway running on port 8001","timestamp":"2024-10-20T15:58:51.748Z"}
{"level":"info","message":"API Gateway running on port 8001","timestamp":"2024-10-20T15:58:58.378Z"}
{"level":"info","message":"Incoming request: GET /api/questions/tags","timestamp":"2024-10-20T15:59:23.314Z"}
{"level":"info","message":"Question route accessed: GET /api/questions/tags","timestamp":"2024-10-20T15:59:23.318Z"}
{"level":"info","message":"Incoming request: GET /api/questions/tags","timestamp":"2024-10-20T15:59:23.384Z"}
{"level":"info","message":"Question route accessed: GET /api/questions/tags","timestamp":"2024-10-20T15:59:23.386Z"}
{"level":"info","message":"API Gateway running on port 8001","timestamp":"2024-10-20T16:01:16.362Z"}
{"level":"info","message":"Incoming request: GET /api/questions/tags","timestamp":"2024-10-20T16:01:23.317Z"}
{"level":"info","message":"Question route accessed: GET /api/questions/tags","timestamp":"2024-10-20T16:01:23.318Z"}
{"level":"info","message":"Incoming request: GET /api/questions/tags","timestamp":"2024-10-20T16:01:23.542Z"}
{"level":"info","message":"Question route accessed: GET /api/questions/tags","timestamp":"2024-10-20T16:01:23.543Z"}
{"level":"info","message":"Incoming request: GET /api/questions/tags","timestamp":"2024-10-20T16:02:27.634Z"}
{"level":"info","message":"Question route accessed: GET /api/questions/tags","timestamp":"2024-10-20T16:02:27.636Z"}
{"level":"info","message":"Incoming request: GET /api/questions/tags","timestamp":"2024-10-20T16:02:27.707Z"}
{"level":"info","message":"Question route accessed: GET /api/questions/tags","timestamp":"2024-10-20T16:02:27.710Z"}
{"level":"info","message":"API Gateway running on port 8001","timestamp":"2024-10-20T16:02:39.160Z"}
{"level":"info","message":"Incoming request: GET /api/questions/tags","timestamp":"2024-10-20T16:02:52.910Z"}
{"level":"info","message":"Question route accessed: GET /api/questions/tags","timestamp":"2024-10-20T16:02:52.911Z"}
{"level":"info","message":"Incoming request: GET /api/questions/tags","timestamp":"2024-10-20T16:02:53.017Z"}
{"level":"info","message":"Question route accessed: GET /api/questions/tags","timestamp":"2024-10-20T16:02:53.018Z"}
{"level":"info","message":"API Gateway running on port 8001","timestamp":"2024-10-20T16:10:33.685Z"}
{"level":"info","message":"API Gateway running on port 8001","timestamp":"2024-10-20T16:11:00.427Z"}
{"level":"info","message":"Incoming request: GET /api/questions/tags","timestamp":"2024-10-20T16:11:06.266Z"}
{"level":"info","message":"Question route accessed: GET /api/questions/tags","timestamp":"2024-10-20T16:11:06.268Z"}
{"level":"info","message":"Incoming request: GET /api/questions/tags","timestamp":"2024-10-20T16:11:06.324Z"}
{"level":"info","message":"Question route accessed: GET /api/questions/tags","timestamp":"2024-10-20T16:11:06.326Z"}
{"level":"info","message":"API Gateway running on port 8001","timestamp":"2024-10-20T16:13:40.136Z"}
{"level":"info","message":"Incoming request: GET /api/questions/tags","timestamp":"2024-10-20T16:13:49.794Z"}
{"level":"info","message":"Question route accessed: GET /api/questions/tags","timestamp":"2024-10-20T16:13:49.794Z"}
{"level":"info","message":"Proxying request to: /tags","timestamp":"2024-10-20T16:13:49.794Z"}
{"level":"info","message":"Incoming request: GET /api/questions/tags","timestamp":"2024-10-20T16:13:49.847Z"}
{"level":"info","message":"Question route accessed: GET /api/questions/tags","timestamp":"2024-10-20T16:13:49.849Z"}
{"level":"info","message":"Proxying request to: /tags","timestamp":"2024-10-20T16:13:49.850Z"}
{"level":"info","message":"API Gateway running on port 8001","timestamp":"2024-10-20T16:15:51.459Z"}
{"level":"info","message":"Incoming request: GET /api/questions/tags","timestamp":"2024-10-20T16:16:01.310Z"}
{"level":"info","message":"Question route accessed: GET /api/questions/tags","timestamp":"2024-10-20T16:16:01.313Z"}
{"level":"info","message":"Proxying request to: /tags","timestamp":"2024-10-20T16:16:01.314Z"}
{"level":"info","message":"Incoming request: GET /api/questions/tags","timestamp":"2024-10-20T16:16:01.323Z"}
{"level":"info","message":"Question route accessed: GET /api/questions/tags","timestamp":"2024-10-20T16:16:01.325Z"}
{"level":"info","message":"Proxying request to: /tags","timestamp":"2024-10-20T16:16:01.325Z"}
{"level":"info","message":"API Gateway running on port 8001","timestamp":"2024-10-20T16:16:40.968Z"}
{"level":"info","message":"Incoming request: GET /api/questions/tags","timestamp":"2024-10-20T16:16:52.327Z"}
{"level":"info","message":"Question route accessed: GET /api/questions/tags","timestamp":"2024-10-20T16:16:52.329Z"}
{"level":"info","message":"Proxying request to: /tags","timestamp":"2024-10-20T16:16:52.329Z"}
{"level":"info","message":"Incoming request: GET /api/questions/tags","timestamp":"2024-10-20T16:16:52.342Z"}
{"level":"info","message":"Question route accessed: GET /api/questions/tags","timestamp":"2024-10-20T16:16:52.344Z"}
{"level":"info","message":"Proxying request to: /tags","timestamp":"2024-10-20T16:16:52.345Z"}
{"level":"info","message":"API Gateway running on port 8001","timestamp":"2024-10-20T16:17:57.919Z"}
{"level":"info","message":"Incoming request: GET /api/questions/tags","timestamp":"2024-10-20T16:18:05.359Z"}
{"level":"info","message":"Question route accessed: GET /api/questions/tags","timestamp":"2024-10-20T16:18:05.360Z"}
{"level":"info","message":"Proxying request to: /tags","timestamp":"2024-10-20T16:18:05.360Z"}
{"level":"info","message":"Incoming request: GET /api/questions/tags","timestamp":"2024-10-20T16:18:05.367Z"}
{"level":"info","message":"Question route accessed: GET /api/questions/tags","timestamp":"2024-10-20T16:18:05.372Z"}
{"level":"info","message":"Proxying request to: /tags","timestamp":"2024-10-20T16:18:05.372Z"}
{"level":"info","message":"Incoming request: GET /api/questions/tagss","timestamp":"2024-10-20T16:19:56.180Z"}
{"level":"info","message":"Question route accessed: GET /api/questions/tagss","timestamp":"2024-10-20T16:19:56.184Z"}
{"level":"info","message":"Proxying request to: /tagss","timestamp":"2024-10-20T16:19:56.185Z"}
{"level":"info","message":"Incoming request: GET /api/questions/tagss","timestamp":"2024-10-20T16:19:56.192Z"}
{"level":"info","message":"Question route accessed: GET /api/questions/tagss","timestamp":"2024-10-20T16:19:56.193Z"}
{"level":"info","message":"Proxying request to: /tagss","timestamp":"2024-10-20T16:19:56.194Z"}
{"level":"info","message":"API Gateway running on port 8001","timestamp":"2024-10-20T16:24:52.345Z"}
{"level":"info","message":"API Gateway running on port 8001","timestamp":"2024-10-20T16:26:14.149Z"}
{"level":"info","message":"Incoming request: GET /api/questions/tags","timestamp":"2024-10-20T16:26:20.797Z"}
{"level":"info","message":"Question route accessed: GET /api/questions/tags","timestamp":"2024-10-20T16:26:20.798Z"}
{"level":"info","message":"Proxying request to: /tags","timestamp":"2024-10-20T16:26:20.798Z"}
{"level":"info","message":"Incoming request: GET /api/questions/tags","timestamp":"2024-10-20T16:26:20.803Z"}
{"level":"info","message":"Question route accessed: GET /api/questions/tags","timestamp":"2024-10-20T16:26:20.804Z"}
{"level":"info","message":"Proxying request to: /tags","timestamp":"2024-10-20T16:26:20.805Z"}
{"level":"info","message":"API Gateway running on port 8001","timestamp":"2024-10-20T16:26:37.632Z"}
{"level":"info","message":"Incoming request: GET /api/questions/tags","timestamp":"2024-10-20T16:26:44.798Z"}
{"level":"info","message":"Question route accessed: GET /api/questions/tags","timestamp":"2024-10-20T16:26:44.800Z"}
{"level":"info","message":"Proxying request to: /tags","timestamp":"2024-10-20T16:26:44.800Z"}
{"level":"info","message":"Incoming request: GET /api/questions/tags","timestamp":"2024-10-20T16:26:44.806Z"}
{"level":"info","message":"Question route accessed: GET /api/questions/tags","timestamp":"2024-10-20T16:26:44.807Z"}
{"level":"info","message":"Proxying request to: /tags","timestamp":"2024-10-20T16:26:44.807Z"}
{"level":"info","message":"API Gateway running on port 8001","timestamp":"2024-10-20T16:27:05.766Z"}
{"level":"info","message":"API Gateway running on port 8001","timestamp":"2024-10-20T16:29:51.586Z"}
{"level":"info","message":"Incoming request: GET /api/questions/tags","timestamp":"2024-10-20T16:29:56.528Z"}
{"level":"info","message":"Question route accessed: GET /api/questions/tags","timestamp":"2024-10-20T16:29:56.529Z"}
{"level":"info","message":"Proxying request to: /tags","timestamp":"2024-10-20T16:29:56.529Z"}
{"level":"info","message":"Incoming request: GET /api/questions/tags","timestamp":"2024-10-20T16:29:56.553Z"}
{"level":"info","message":"Question route accessed: GET /api/questions/tags","timestamp":"2024-10-20T16:29:56.554Z"}
{"level":"info","message":"Proxying request to: /tags","timestamp":"2024-10-20T16:29:56.554Z"}
{"level":"info","message":"API Gateway running on port 8001","timestamp":"2024-10-20T16:30:39.844Z"}
{"level":"info","message":"API Gateway running on port 8001","timestamp":"2024-10-20T16:31:28.657Z"}
{"level":"info","message":"API Gateway running on port 8001","timestamp":"2024-10-20T16:34:31.197Z"}
{"level":"info","message":"API Gateway running on port 8001","timestamp":"2024-10-20T16:34:34.018Z"}
{"level":"info","message":"Incoming request: GET /api/questions/tags","timestamp":"2024-10-20T16:34:41.810Z"}
{"level":"info","message":"Question route accessed: GET /api/questions/tags","timestamp":"2024-10-20T16:34:41.812Z"}
{"level":"info","message":"Proxying request to: /tags","timestamp":"2024-10-20T16:34:41.812Z"}
{"level":"info","message":"Incoming request: GET /api/questions/tags","timestamp":"2024-10-20T16:34:41.841Z"}
{"level":"info","message":"Question route accessed: GET /api/questions/tags","timestamp":"2024-10-20T16:34:41.842Z"}
{"level":"info","message":"Proxying request to: /tags","timestamp":"2024-10-20T16:34:41.843Z"}
{"level":"info","message":"API Gateway running on port 8001","timestamp":"2024-10-20T16:38:40.266Z"}
{"level":"info","message":"Incoming request: GET /api/questions/tags","timestamp":"2024-10-20T16:38:48.166Z"}
{"level":"info","message":"Question route accessed: GET /api/questions/tags","timestamp":"2024-10-20T16:38:48.173Z"}
{"level":"info","message":"Proxying request to: /tags","timestamp":"2024-10-20T16:38:48.173Z"}
{"level":"info","message":"Incoming request: GET /api/questions/tags","timestamp":"2024-10-20T16:38:48.226Z"}
{"level":"info","message":"Question route accessed: GET /api/questions/tags","timestamp":"2024-10-20T16:38:48.227Z"}
{"level":"info","message":"Proxying request to: /tags","timestamp":"2024-10-20T16:38:48.227Z"}
{"level":"info","message":"API Gateway running on port 8001","timestamp":"2024-10-20T16:39:35.615Z"}
{"level":"info","message":"API Gateway running on port 8001","timestamp":"2024-10-20T16:39:41.338Z"}
{"level":"info","message":"API Gateway running on port 8001","timestamp":"2024-10-20T16:41:42.689Z"}
{"level":"info","message":"API Gateway running on port 8001","timestamp":"2024-10-20T16:41:44.871Z"}
{"level":"info","message":"API Gateway running on port 8001","timestamp":"2024-10-20T16:43:28.453Z"}
{"level":"info","message":"Incoming request: GET /api/questions/tags","timestamp":"2024-10-20T16:43:33.804Z"}
{"level":"info","message":"Question route accessed: GET /api/questions/tags","timestamp":"2024-10-20T16:43:33.805Z"}
{"level":"info","message":"Proxying request to: /tags","timestamp":"2024-10-20T16:43:33.805Z"}
{"level":"info","message":"Incoming request: GET /api/questions/tags","timestamp":"2024-10-20T16:43:33.815Z"}
{"level":"info","message":"Question route accessed: GET /api/questions/tags","timestamp":"2024-10-20T16:43:33.816Z"}
{"level":"info","message":"Proxying request to: /tags","timestamp":"2024-10-20T16:43:33.816Z"}
{"level":"info","message":"Incoming request: GET /api/questions/tags","timestamp":"2024-10-20T16:44:00.921Z"}
{"level":"info","message":"Question route accessed: GET /api/questions/tags","timestamp":"2024-10-20T16:44:00.924Z"}
{"level":"info","message":"Proxying request to: /tags","timestamp":"2024-10-20T16:44:00.924Z"}
{"level":"info","message":"Incoming request: GET /api/questions/tags","timestamp":"2024-10-20T16:44:00.933Z"}
{"level":"info","message":"Question route accessed: GET /api/questions/tags","timestamp":"2024-10-20T16:44:00.934Z"}
{"level":"info","message":"Proxying request to: /tags","timestamp":"2024-10-20T16:44:00.934Z"}
{"level":"info","message":"Incoming request: GET /api/v1/questions/tags","timestamp":"2024-10-20T16:44:43.820Z"}
{"level":"info","message":"Incoming request: GET /api/v1/questions/tags","timestamp":"2024-10-20T16:44:43.835Z"}
{"level":"info","message":"API Gateway running on port 8001","timestamp":"2024-10-20T16:45:10.373Z"}
{"level":"info","message":"Incoming request: GET /api/v1/questions/tags","timestamp":"2024-10-20T16:45:16.806Z"}
{"level":"info","message":"Incoming request: GET /api/v1/questions/tags","timestamp":"2024-10-20T16:45:16.815Z"}
{"level":"info","message":"Incoming request: GET /api/v1/questions/tags","timestamp":"2024-10-20T16:45:43.802Z"}
{"level":"info","message":"Incoming request: GET /api/v1/questions/tags","timestamp":"2024-10-20T16:45:43.805Z"}
{"level":"info","message":"Incoming request: GET /api/questions/tags","timestamp":"2024-10-20T16:46:10.795Z"}
{"level":"info","message":"Question route accessed: GET /api/questions/tags","timestamp":"2024-10-20T16:46:10.797Z"}
{"level":"info","message":"Proxying request to: /tags","timestamp":"2024-10-20T16:46:10.797Z"}
{"level":"info","message":"Incoming request: GET /api/questions/tags","timestamp":"2024-10-20T16:46:10.800Z"}
{"level":"info","message":"Question route accessed: GET /api/questions/tags","timestamp":"2024-10-20T16:46:10.800Z"}
{"level":"info","message":"Proxying request to: /tags","timestamp":"2024-10-20T16:46:10.803Z"}
{"level":"info","message":"API Gateway running on port 8001","timestamp":"2024-10-20T16:46:29.386Z"}
{"level":"info","message":"Incoming request: GET /api/questions/tags","timestamp":"2024-10-20T16:46:33.803Z"}
{"level":"info","message":"Question route accessed: GET /api/questions/tags","timestamp":"2024-10-20T16:46:33.803Z"}
{"level":"info","message":"Proxying request to: /tags","timestamp":"2024-10-20T16:46:33.804Z"}
{"level":"info","message":"Incoming request: GET /api/questions/tags","timestamp":"2024-10-20T16:46:33.810Z"}
{"level":"info","message":"Question route accessed: GET /api/questions/tags","timestamp":"2024-10-20T16:46:33.810Z"}
{"level":"info","message":"Proxying request to: /tags","timestamp":"2024-10-20T16:46:33.811Z"}
{"level":"info","message":"API Gateway running on port 8001","timestamp":"2024-10-20T16:46:45.280Z"}
{"level":"info","message":"API Gateway running on port 8001","timestamp":"2024-10-20T17:20:41.181Z"}
{"level":"info","message":"API Gateway running on port 8001","timestamp":"2024-10-20T17:21:10.311Z"}
{"level":"info","message":"Incoming request: GET /api/questions/tags","timestamp":"2024-10-20T17:21:39.610Z"}
{"level":"info","message":"Question route accessed: GET /api/questions/tags","timestamp":"2024-10-20T17:21:39.611Z"}
{"level":"info","message":"Proxying request to: /tags","timestamp":"2024-10-20T17:21:39.611Z"}
{"level":"info","message":"Incoming request: GET /api/questions/tags","timestamp":"2024-10-20T17:21:39.615Z"}
{"level":"info","message":"Question route accessed: GET /api/questions/tags","timestamp":"2024-10-20T17:21:39.615Z"}
{"level":"info","message":"Proxying request to: /tags","timestamp":"2024-10-20T17:21:39.615Z"}
{"level":"info","message":"Incoming request: GET /api/questions/tags","timestamp":"2024-10-20T17:21:46.897Z"}
{"level":"info","message":"Question route accessed: GET /api/questions/tags","timestamp":"2024-10-20T17:21:46.900Z"}
{"level":"info","message":"Proxying request to: /tags","timestamp":"2024-10-20T17:21:46.900Z"}
{"level":"info","message":"Incoming request: GET /api/questions/tags","timestamp":"2024-10-20T17:21:46.904Z"}
{"level":"info","message":"Question route accessed: GET /api/questions/tags","timestamp":"2024-10-20T17:21:46.905Z"}
{"level":"info","message":"Proxying request to: /tags","timestamp":"2024-10-20T17:21:46.906Z"}
{"level":"info","message":"Incoming request: GET /api/questions/tags","timestamp":"2024-10-20T17:22:37.570Z"}
{"level":"info","message":"Question route accessed: GET /api/questions/tags","timestamp":"2024-10-20T17:22:37.571Z"}
{"level":"info","message":"Proxying request to: /tags","timestamp":"2024-10-20T17:22:37.571Z"}
{"level":"info","message":"Incoming request: GET /api/questions/tags","timestamp":"2024-10-20T17:22:37.575Z"}
{"level":"info","message":"Question route accessed: GET /api/questions/tags","timestamp":"2024-10-20T17:22:37.577Z"}
{"level":"info","message":"Proxying request to: /tags","timestamp":"2024-10-20T17:22:37.578Z"}
{"level":"info","message":"API Gateway running on port 8001","timestamp":"2024-10-20T17:22:54.272Z"}
{"level":"info","message":"Incoming request: GET /api/questions/tags","timestamp":"2024-10-20T17:22:59.978Z"}
{"level":"info","message":"Question route accessed: GET /api/questions/tags","timestamp":"2024-10-20T17:22:59.979Z"}
{"level":"info","message":"Proxying request to: /tags","timestamp":"2024-10-20T17:22:59.979Z"}
{"level":"info","message":"Incoming request: GET /api/questions/tags","timestamp":"2024-10-20T17:22:59.984Z"}
{"level":"info","message":"Question route accessed: GET /api/questions/tags","timestamp":"2024-10-20T17:22:59.985Z"}
{"level":"info","message":"Proxying request to: /tags","timestamp":"2024-10-20T17:22:59.985Z"}
{"level":"info","message":"API Gateway running on port 8001","timestamp":"2024-10-20T17:23:20.495Z"}
{"level":"info","message":"API Gateway running on port 8001","timestamp":"2024-10-20T17:23:24.755Z"}
{"level":"info","message":"Incoming request: GET /api/questions/tags","timestamp":"2024-10-20T17:23:33.454Z"}
{"level":"info","message":"Question route accessed: GET /api/questions/tags","timestamp":"2024-10-20T17:23:33.455Z"}
{"level":"info","message":"Proxying request to: /tags","timestamp":"2024-10-20T17:23:33.456Z"}
{"level":"info","message":"Incoming request: GET /api/questions/tags","timestamp":"2024-10-20T17:23:33.469Z"}
{"level":"info","message":"Question route accessed: GET /api/questions/tags","timestamp":"2024-10-20T17:23:33.470Z"}
{"level":"info","message":"Proxying request to: /tags","timestamp":"2024-10-20T17:23:33.470Z"}
{"level":"info","message":"API Gateway running on port 8001","timestamp":"2024-10-20T17:24:07.284Z"}
{"level":"info","message":"API Gateway running on port 8001","timestamp":"2024-10-20T17:24:13.626Z"}
{"level":"info","message":"Incoming request: GET /api/questions/tags","timestamp":"2024-10-20T17:24:19.420Z"}
{"level":"info","message":"Question route accessed: GET /api/questions/tags","timestamp":"2024-10-20T17:24:19.454Z"}
{"level":"info","message":"Proxying request to: /tags","timestamp":"2024-10-20T17:24:19.455Z"}
{"level":"info","message":"Incoming request: GET /api/questions/tags","timestamp":"2024-10-20T17:24:19.491Z"}
{"level":"info","message":"Question route accessed: GET /api/questions/tags","timestamp":"2024-10-20T17:24:19.491Z"}
{"level":"info","message":"Proxying request to: /tags","timestamp":"2024-10-20T17:24:19.492Z"}
{"level":"info","message":"Incoming request: GET /api/v1/questions/tags","timestamp":"2024-10-20T17:24:43.645Z"}
{"level":"info","message":"Incoming request: GET /api/v1/questions/tags","timestamp":"2024-10-20T17:24:43.651Z"}
{"level":"info","message":"API Gateway running on port 8001","timestamp":"2024-10-20T17:25:36.694Z"}
{"level":"info","message":"Incoming request: GET /api/questions/tags","timestamp":"2024-10-20T17:25:41.010Z"}
{"level":"info","message":"Incoming request: GET /api/questions/tags","timestamp":"2024-10-20T17:25:41.014Z"}
{"level":"info","message":"API Gateway running on port 8001","timestamp":"2024-10-20T17:26:00.385Z"}
{"level":"info","message":"Incoming request: GET /api/questions/tags","timestamp":"2024-10-20T17:26:06.908Z"}
{"level":"info","message":"Question route accessed: GET /api/questions/tags","timestamp":"2024-10-20T17:26:06.910Z"}
{"level":"info","message":"Proxying request to: /tags","timestamp":"2024-10-20T17:26:06.912Z"}
{"level":"info","message":"Incoming request: GET /api/questions/tags","timestamp":"2024-10-20T17:26:06.918Z"}
{"level":"info","message":"Question route accessed: GET /api/questions/tags","timestamp":"2024-10-20T17:26:06.918Z"}
{"level":"info","message":"Proxying request to: /tags","timestamp":"2024-10-20T17:26:06.919Z"}
{"level":"info","message":"API Gateway running on port 8001","timestamp":"2024-10-20T17:26:23.764Z"}
{"level":"info","message":"Incoming request: GET /api/questions/tags","timestamp":"2024-10-20T17:26:29.904Z"}
{"level":"info","message":"Question route accessed: GET /api/questions/tags [object Object]","timestamp":"2024-10-20T17:26:29.905Z"}
{"level":"info","message":"Proxying request to: /tags","timestamp":"2024-10-20T17:26:29.905Z"}
{"level":"info","message":"Incoming request: GET /api/questions/tags","timestamp":"2024-10-20T17:26:29.909Z"}
{"level":"info","message":"Question route accessed: GET /api/questions/tags [object Object]","timestamp":"2024-10-20T17:26:29.909Z"}
{"level":"info","message":"Proxying request to: /tags","timestamp":"2024-10-20T17:26:29.910Z"}
{"level":"info","message":"API Gateway running on port 8001","timestamp":"2024-10-20T17:26:46.624Z"}
{"level":"info","message":"Incoming request: GET /api/questions/tags","timestamp":"2024-10-20T17:26:50.902Z"}
{"level":"info","message":"Question route accessed: GET /api/questions/tags [object Object]","timestamp":"2024-10-20T17:26:50.903Z"}
{"level":"info","message":"Proxying request to: /tags","timestamp":"2024-10-20T17:26:50.903Z"}
{"level":"info","message":"Incoming request: GET /api/questions/tags","timestamp":"2024-10-20T17:26:50.907Z"}
{"level":"info","message":"Question route accessed: GET /api/questions/tags [object Object]","timestamp":"2024-10-20T17:26:50.908Z"}
{"level":"info","message":"Proxying request to: /tags","timestamp":"2024-10-20T17:26:50.908Z"}
{"level":"info","message":"Incoming request: GET /api/questions/tags","timestamp":"2024-10-20T17:27:05.329Z"}
{"level":"info","message":"Question route accessed: GET /api/questions/tags [object Object]","timestamp":"2024-10-20T17:27:05.333Z"}
{"level":"info","message":"Proxying request to: /tags","timestamp":"2024-10-20T17:27:05.334Z"}
{"level":"info","message":"Incoming request: GET /api/questions/tags","timestamp":"2024-10-20T17:27:05.339Z"}
{"level":"info","message":"Question route accessed: GET /api/questions/tags [object Object]","timestamp":"2024-10-20T17:27:05.340Z"}
{"level":"info","message":"Proxying request to: /tags","timestamp":"2024-10-20T17:27:05.340Z"}
{"level":"info","message":"API Gateway running on port 8001","timestamp":"2024-10-20T17:27:32.400Z"}
